<?xml version="1.0" encoding="UTF-8"?>
<testng-results ignored="0" total="2" passed="2" failed="0" skipped="0">
  <reporter-output>
  </reporter-output>
  <suite started-at="2024-12-06T19:24:12 GMT" name="Default suite" finished-at="2024-12-06T19:24:33 GMT" duration-ms="20353">
    <groups>
    </groups>
    <test started-at="2024-12-06T19:24:12 GMT" name="Default test" finished-at="2024-12-06T19:24:33 GMT" duration-ms="20353">
      <class name="com.test.multipletests2">
        <test-method is-config="true" signature="initialistaion()[pri:0, instance:com.test.multipletests2@202b0582]" started-at="2024-12-06T19:24:12 GMT" name="initialistaion" finished-at="2024-12-06T19:24:17 GMT" duration-ms="4632" status="PASS">
          <reporter-output>
          </reporter-output>
        </test-method> <!-- initialistaion -->
        <test-method signature="Test1()[pri:0, instance:com.test.multipletests2@202b0582]" started-at="2024-12-06T19:24:17 GMT" name="Test1" finished-at="2024-12-06T19:24:28 GMT" duration-ms="11028" status="PASS">
          <reporter-output>
          </reporter-output>
        </test-method> <!-- Test1 -->
        <test-method is-config="true" signature="cleanup()[pri:0, instance:com.test.multipletests2@202b0582]" started-at="2024-12-06T19:24:28 GMT" name="cleanup" finished-at="2024-12-06T19:24:28 GMT" duration-ms="357" status="PASS">
          <reporter-output>
          </reporter-output>
        </test-method> <!-- cleanup -->
        <test-method is-config="true" signature="initialistaion()[pri:0, instance:com.test.multipletests2@202b0582]" started-at="2024-12-06T19:24:28 GMT" name="initialistaion" finished-at="2024-12-06T19:24:31 GMT" duration-ms="2832" status="PASS">
          <reporter-output>
          </reporter-output>
        </test-method> <!-- initialistaion -->
        <test-method signature="Test2()[pri:0, instance:com.test.multipletests2@202b0582]" started-at="2024-12-06T19:24:31 GMT" name="Test2" finished-at="2024-12-06T19:24:32 GMT" duration-ms="1064" status="PASS">
          <reporter-output>
          </reporter-output>
        </test-method> <!-- Test2 -->
        <test-method is-config="true" signature="cleanup()[pri:0, instance:com.test.multipletests2@202b0582]" started-at="2024-12-06T19:24:32 GMT" name="cleanup" finished-at="2024-12-06T19:24:33 GMT" duration-ms="331" status="PASS">
          <reporter-output>
          </reporter-output>
        </test-method> <!-- cleanup -->
      </class> <!-- com.test.multipletests2 -->
    </test> <!-- Default test -->
  </suite> <!-- Default suite -->
</testng-results>
