<?xml version="1.0" encoding="UTF-8"?>
<testsuite xmlns:xsi="http://www.w3.org/2001/XMLSchema-instance" xsi:noNamespaceSchemaLocation="https://maven.apache.org/surefire/maven-surefire-plugin/xsd/surefire-test-report.xsd" version="3.0.1" name="TestSuite" time="31.764" tests="4" errors="0" skipped="0" failures="0">
  <properties>
[...]
</properties>
  <testcase name="Test1" classname="com.test.multipletests2" time="10.709">
    <system-out><![CDATA[264
ALBANIA
ALGERIA
AMERICAN SAMOA
ANDORRA
ANGOLA
ANGUILLA
ANTARCTICA
ANTIGUA AND BARBUDA
ARGENTINA
ARMENIA
ARUBA
ASHMORE AND CARTIER ISLANDS
AUSTRALIA
AUSTRIA
AZERBAIJAN
BAHAMAS
BAHRAIN
BAKER ISLAND
BANGLADESH
BARBADOS
BASSA DE INDIA
BELARUS
BELGIUM
BELIZE
BENIN
BERMUDA
BHUTAN
BOLIVIA
BOSNIA AND HERZEGOVINA
BOTSWANA
BOUVET ISLAND
BRAZIL
BRITISH INDIAN OCEAN TERRITORY
BRITISH VIRGIN ISLANDS
BRUNEI
BULGARIA
BURKINA FASO
BURMA
BURUNDI
CAMBODIA
CAMEROON
CANADA
CAPE VERDE
CAYMAN ISLANDS
CENTRAL AFRICAN REPUBLIC
CHAD
CHILE
CHINA
CHRISTMAS ISLAND
CLIPPERTON ISLAND
COCOS (KEELING) ISLANDS
COLOMBIA
COMOROS
CONGO
COOK ISLANDS
CORAL SEA ISLANDS
COSTA RICA
COTE D'IVOIRE
CROATIA
CUBA
CYPRUS
CZECH REPUBLIC
DENMARK
DJIBOUTI
DOMINICA
DOMINICAN REPUBLIC
ECUADOR
EGYPT
EL SALVADOR
EQUATORIAL GUINEA
ERITREA
ESTONIA
ETHIOPIA
EUROPA ISLAND
FALKLAND ISLANDS
FAROE ISLANDS
FIJI
FINLAND
FRANCE
FRENCH GUIANA
FRENCH POLYNESIA
FRENCH SOUTHERN AND ANTARCTIC LANDS
GABON
GAMBIA, THE
GAZA STRIP
GEORGIA
GERMANY
GHANA
GIBRALTAR
GLORIOSO ISLANDS
GREECE
GREENLAND
GRENADA
GUADELOUPE
GUAM
GUATEMALA
GUERNSEY
GUINEA
GUINEA-BISSAU
GUYANA
HAITI
HEARD ISLAND AND MCDONALD ISLANDS
HONDURAS
HONG KONG
HOWLAND ISLAND
HUNGARY
ICELAND
INDIA
INDONESIA
IRAN
IRAQ
IRELAND
ISRAEL
ITALY
JAMAICA
JAN MAYEN
JAPAN
JARVIS ISLAND
JERSEY
JOHNSTON ATOLL
JORDAN
JUAN DE NOVA ISLAND
KAZAKHSTAN
KENYA
KINGMAN REEF
KIRIBATI
KOREA, DEMOCRATIC PEOPLE'S REPUBLIC OF
KOREA, REPUBLIC OF
KUWAIT
KYRGYZSTAN
LAOS
LATVIA
LEBANON
LESOTHO
LIBERIA
LIBYA
LIECHTENSTEIN
LITHUANIA
LUXEMBOURG
MACAU
MACEDONIA, FORMER REPUBLIC OF
MADAGASCAR
MALAWI
MALAYSIA
MALDIVES
MALI
MALTA
MAN, ISLE OF
MARSHALL ISLANDS
MARTINIQUE
MAURITANIA
MAURITIUS
MAYOTTE
MEXICO
MICRONESIA
MIDWAY ISLANDS
MOLDOVA
MONACO
MONGOLIA
MONTENEGRO
MONTSERRAT
MOROCCO
MOZAMBIQUE
NAMIBIA
NAURU
NAVASSA ISLAND
NEPAL
NETHERLANDS
NETHERLANDS ANTILLES
NEW CALEDONIA
NEW ZEALAND
NICARAGUA
NIGER
NIGERIA
NIUE
NO MANS LAND
NORFOLK ISLAND
NORTHERN MARIANA ISLANDS
NORWAY
OCEANS
OMAN
PAKISTAN
PALMYRA ATOLL
PANAMA
PAPUA NEW GUINEA
PARACEL ISLANDS
PARAGUAY
PERU
PHILIPPINES
PITCAIRN ISLANDS
POLAND
PORTUGAL
PUERTO RICO
QATAR
REUNION
ROMANIA
RUSSIA
RWANDA
SAN MARINO
SAO TOME AND PRINCIPE
SAUDI ARABIA
SENEGAL
SERBIA
SEYCHELLES
SIERRA LEONE
SINGAPORE
SLOVAKIA
SLOVENIA
SOLOMON ISLANDS
SOMALIA
SOUTH AFRICA
SOVIET UNION
SPAIN
SPRATLY ISLANDS
SRI LANKA
ST. HELENA
ST. KITTS AND NEVIS
ST. LUCIA
ST. PIERRE AND MIQUELON
ST. VINCENT AND THE GRENADINES
SUDAN
SURINAME
SVALBARD
SWAZILAND
SWEDEN
SWITZERLAND
SYRIA
TAIWAN
TAJIKISTAN
TANZANIA, UNITED REPUBLIC OF
THAILAND
TOGO
TOKELAU
TONGA
TRINIDAD AND TOBAGO
TROMELIN ISLAND
TUNISIA
TURKEY
TURKMENISTAN
TURKS AND CAICOS ISLANDS
TUVALU
UGANDA
UKRAINE
UNDERSEA FEATURES
UNITED ARAB EMIRATES
UNITED KINGDOM
UNITED STATES
URUGUAY
UZBEKISTAN
VANUATU
VATICAN CITY
VENEZUELA
VIETNAM
VIRGIN ISLANDS
WAKE ISLAND
WALLIS AND FUTUNA
WEST BANK
WESTERN SAHARA
WESTERN SAMOA
YEMEN
YUGOSLAVIA
ZAIRE
ZAMBIA
ZIMBABWE
]]></system-out>
    <system-err><![CDATA[SLF4J: Failed to load class "org.slf4j.impl.StaticLoggerBinder".
SLF4J: Defaulting to no-operation (NOP) logger implementation
SLF4J: See http://www.slf4j.org/codes.html#StaticLoggerBinder for further details.
]]></system-err>
  </testcase>
  <testcase name="Test2" classname="com.test.multipletests2" time="0.968"/>
  <testcase name="SelectDropDown" classname="com.test.Multitest" time="0.598"/>
  <testcase name="AdvanceDropDown" classname="com.test.Multitest" time="3.001">
    <system-out><![CDATA[46
Watches
Video Games
Under ₹500
Toys & Games
Tools & Home Improvement
Subscribe & Save
Sports, Fitness & Outdoors
Software
Shoes & Handbags
Prime Video
Pet Supplies
Office Products
Musical Instruments
Music
MP3 Music
Movies & TV Shows
Luxury Beauty
Luggage & Bags
Kindle Store
Jewellery
Industrial & Scientific
Home & Kitchen
Health & Personal Care
Grocery & Gourmet Foods
Gift Cards
Garden & Outdoors
Furniture
Electronics
Deals
Computers & Accessories
Collectibles
Clothing & Accessories
Car & Motorbike
Books
Beauty
Baby
Audible Audiobooks
Apps & Games
Appliances
Amazon Pharmacy
Amazon Fresh Meat
Amazon Fresh
Amazon Fashion
Amazon Devices
Alexa Skills
All Categories
]]></system-out>
  </testcase>
</testsuite>