<?xml version="1.0" encoding="UTF-8"?>
<!-- Generated by org.testng.reporters.JUnitXMLReporter -->
<testsuite ignored="0" hostname="DESKTOP-D1VNF0K" failures="0" tests="4" name="Test" time="30.975" errors="0" timestamp="2024-12-06T19:36:48 GMT">
  <testcase classname="com.test.multipletests2" name="Test1" time="10.734"/>
  <testcase classname="com.test.multipletests2" name="Test2" time="0.968"/>
  <testcase classname="com.test.Multitest" name="SelectDropDown" time="0.597"/>
  <testcase classname="com.test.Multitest" name="AdvanceDropDown" time="3.0"/>
</testsuite> <!-- Test -->
